<?xml version="1.0" encoding="UTF-8"?>
<!-- Generated by org.testng.reporters.JUnitReportReporter -->
<testsuite skipped="0" hostname="ATMECSINDT-046" name="com.atmecs.assessmenttask.testscripts.BookingHotels_Automation" tests="1" failures="0" timestamp="04 Dec 2019 16:13:25 GMT" time="99.351" errors="0">
  <testcase name="bookingACheapFourStarHotelForSixMembers" time="99.351" classname="com.atmecs.assessmenttask.testscripts.BookingHotels_Automation"/>
</testsuite> <!-- com.atmecs.assessmenttask.testscripts.BookingHotels_Automation -->
