<?xml version="1.0" encoding="UTF-8"?>
<!-- Generated by org.testng.reporters.JUnitReportReporter -->
<testsuite skipped="0" hostname="ATMECSINDT-046" name="com.atmecs.Assessment3.assessmenttask.testscripts.BookingHotels_Automation" tests="1" failures="0" timestamp="29 Nov 2019 06:02:35 GMT" time="9.671" errors="0">
  <testcase name="bookingHotels" time="9.671" classname="com.atmecs.Assessment3.assessmenttask.testscripts.BookingHotels_Automation"/>
</testsuite> <!-- com.atmecs.Assessment3.assessmenttask.testscripts.BookingHotels_Automation -->
